#
# There is insufficient memory for the Java Runtime Environment to continue.
# Native memory allocation (malloc) failed to allocate 32744 bytes for ChunkPool::allocate
# Possible reasons:
#   The system is out of physical RAM or swap space
#   The process is running with CompressedOops enabled, and the Java Heap may be blocking the growth of the native heap
# Possible solutions:
#   Reduce memory load on the system
#   Increase physical memory or swap space
#   Check if swap backing store is full
#   Decrease Java heap size (-Xmx/-Xms)
#   Decrease number of Java threads
#   Decrease Java thread stack sizes (-Xss)
#   Set larger code cache with -XX:ReservedCodeCacheSize=
#   JVM is running with Unscaled Compressed Oops mode in which the Java heap is
#     placed in the first 4GB address space. The Java Heap base address is the
#     maximum limit for the native heap growth. Please use -XX:HeapBaseMinAddress
#     to set the Java Heap base and to place the Java Heap above 4GB virtual address.
# This output file may be truncated or incomplete.
#
#  Out of Memory Error (./open/src/hotspot/share/memory/arena.cpp:79), pid=11152, tid=10796
#
# JRE version: Java(TM) SE Runtime Environment (14.0.1+7) (build 14.0.1+7)
# Java VM: Java HotSpot(TM) 64-Bit Server VM (14.0.1+7, mixed mode, sharing, tiered, compressed oops, g1 gc, windows-amd64)
# No core dump will be written. Minidumps are not enabled by default on client versions of Windows
#

---------------  S U M M A R Y ------------

Command Line: --add-opens=java.base/java.util=ALL-UNNAMED --add-opens=java.base/java.lang=ALL-UNNAMED --add-opens=java.base/java.lang.invoke=ALL-UNNAMED --add-opens=java.prefs/java.util.prefs=ALL-UNNAMED -XX:MaxMetaspaceSize=256m -XX:+HeapDumpOnOutOfMemoryError -Xms256m -Xmx512m -Dfile.encoding=windows-1252 -Duser.country=MX -Duser.language=es -Duser.variant org.gradle.launcher.daemon.bootstrap.GradleDaemon 6.4.1

Host: Intel(R) Core(TM) i3-2350M CPU @ 2.30GHz, 4 cores, 7G,  Windows 7 , 64 bit Build 7601 (6.1.7601.23677)
Time: Mon May 18 18:45:21 2020 Hora de verano central (México) elapsed time: 84 seconds (0d 0h 1m 24s)

---------------  T H R E A D  ---------------

Current thread (0x000000001ee32000):  JavaThread "C2 CompilerThread0" daemon [_thread_in_native, id=10796, stack(0x000000001ef60000,0x000000001f060000)]


Current CompileTask:
C2:  84058 7740       4       org.gradle.internal.normalization.java.impl.ApiMemberSelector::visitEnd (294 bytes)

Stack: [0x000000001ef60000,0x000000001f060000]
Native frames: (J=compiled Java code, j=interpreted, Vv=VM code, C=native code)
V  [jvm.dll+0x5f840a]
V  [jvm.dll+0x741e4a]
V  [jvm.dll+0x7435ff]
V  [jvm.dll+0x743c43]
V  [jvm.dll+0x20d288]
V  [jvm.dll+0xabea6]
V  [jvm.dll+0xac1fc]
V  [jvm.dll+0x32132c]
V  [jvm.dll+0x4f3236]
V  [jvm.dll+0x4f23d0]
V  [jvm.dll+0x4f2c55]
V  [jvm.dll+0x2e6b77]
V  [jvm.dll+0x2e5f4a]
V  [jvm.dll+0x1e5e16]
V  [jvm.dll+0x1e50b8]
V  [jvm.dll+0x1779cc]
V  [jvm.dll+0x1f4105]
V  [jvm.dll+0x1f22eb]
V  [jvm.dll+0x706a9d]
V  [jvm.dll+0x6ff8ba]
V  [jvm.dll+0x5f72c6]
C  [ucrtbase.DLL+0x203ba]
C  [kernel32.dll+0x159cd]
C  [ntdll.dll+0x2a561]


---------------  P R O C E S S  ---------------

Threads class SMR info:
_java_thread_list=0x00000000249f0f70, length=42, elements={
0x00000000003c9000, 0x000000001ee04000, 0x000000001ee07800, 0x000000001ee23000,
0x000000001ee24000, 0x000000001ee25000, 0x000000001ee32000, 0x000000001ee36800,
0x000000001ee3f800, 0x000000001fb1c800, 0x000000001fb1f800, 0x0000000021ea7000,
0x00000000220d8000, 0x0000000021fc7800, 0x000000001fcb2800, 0x0000000021c72800,
0x0000000021fe2800, 0x0000000022184000, 0x0000000021fc3800, 0x0000000021fc4800,
0x0000000021fc5800, 0x0000000021fc6000, 0x0000000022225800, 0x0000000022226800,
0x0000000022227000, 0x0000000022228000, 0x0000000022229000, 0x0000000022229800,
0x000000002222a800, 0x000000002222b800, 0x000000002222c000, 0x0000000020681000,
0x0000000020681800, 0x0000000020682800, 0x0000000020683800, 0x0000000020684000,
0x0000000020685000, 0x0000000020685800, 0x0000000020686800, 0x000000001fe78800,
0x000000001fe79800, 0x000000001fe7a000
}

Java Threads: ( => current thread )
  0x00000000003c9000 JavaThread "main" [_thread_blocked, id=7340, stack(0x00000000022b0000,0x00000000023b0000)]
  0x000000001ee04000 JavaThread "Reference Handler" daemon [_thread_blocked, id=10900, stack(0x000000001f0f0000,0x000000001f1f0000)]
  0x000000001ee07800 JavaThread "Finalizer" daemon [_thread_blocked, id=10892, stack(0x000000001f2e0000,0x000000001f3e0000)]
  0x000000001ee23000 JavaThread "Signal Dispatcher" daemon [_thread_blocked, id=10908, stack(0x000000001f450000,0x000000001f550000)]
  0x000000001ee24000 JavaThread "Attach Listener" daemon [_thread_blocked, id=6780, stack(0x000000001f580000,0x000000001f680000)]
  0x000000001ee25000 JavaThread "Service Thread" daemon [_thread_blocked, id=10448, stack(0x000000001f730000,0x000000001f830000)]
=>0x000000001ee32000 JavaThread "C2 CompilerThread0" daemon [_thread_in_native, id=10796, stack(0x000000001ef60000,0x000000001f060000)]
  0x000000001ee36800 JavaThread "C1 CompilerThread0" daemon [_thread_blocked, id=9252, stack(0x000000001f9c0000,0x000000001fac0000)]
  0x000000001ee3f800 JavaThread "Sweeper thread" daemon [_thread_blocked, id=10596, stack(0x000000001f8a0000,0x000000001f9a0000)]
  0x000000001fb1c800 JavaThread "Common-Cleaner" daemon [_thread_blocked, id=10440, stack(0x0000000020050000,0x0000000020150000)]
  0x000000001fb1f800 JavaThread "Notification Thread" daemon [_thread_blocked, id=8740, stack(0x0000000020250000,0x0000000020350000)]
  0x0000000021ea7000 JavaThread "Daemon health stats" [_thread_blocked, id=10280, stack(0x0000000022530000,0x0000000022630000)]
  0x00000000220d8000 JavaThread "Incoming local TCP Connector on port 51246" [_thread_in_native, id=8300, stack(0x00000000229b0000,0x0000000022ab0000)]
  0x0000000021fc7800 JavaThread "Daemon periodic checks" [_thread_blocked, id=9784, stack(0x0000000022b70000,0x0000000022c70000)]
  0x000000001fcb2800 JavaThread "Daemon" [_thread_blocked, id=10152, stack(0x0000000022cf0000,0x0000000022df0000)]
  0x0000000021c72800 JavaThread "Handler for socket connection from /127.0.0.1:51246 to /127.0.0.1:51247" [_thread_in_native, id=416, stack(0x0000000022f30000,0x0000000023030000)]
  0x0000000021fe2800 JavaThread "Cancel handler" [_thread_blocked, id=8444, stack(0x0000000021080000,0x0000000021180000)]
  0x0000000022184000 JavaThread "Daemon worker" [_thread_blocked, id=8292, stack(0x0000000023030000,0x0000000023130000)]
  0x0000000021fc3800 JavaThread "Asynchronous log dispatcher for DefaultDaemonConnection: socket connection from /127.0.0.1:51246 to /127.0.0.1:51247" [_thread_blocked, id=8080, stack(0x0000000023240000,0x0000000023340000)]
  0x0000000021fc4800 JavaThread "Stdin handler" [_thread_blocked, id=3156, stack(0x0000000020d00000,0x0000000020e00000)]
  0x0000000021fc5800 JavaThread "Thread-8" [_thread_blocked, id=4260, stack(0x00000000233c0000,0x00000000234c0000)]
  0x0000000021fc6000 JavaThread "Cache worker for journal cache (C:\Users\AsTecI Naucalpan\.gradle\caches\journal-1)" [_thread_blocked, id=9980, stack(0x0000000023a10000,0x0000000023b10000)]
  0x0000000022225800 JavaThread "File lock request listener" [_thread_in_native, id=3356, stack(0x0000000023900000,0x0000000023a00000)]
  0x0000000022226800 JavaThread "Cache worker for file hash cache (C:\Users\AsTecI Naucalpan\.gradle\caches\6.4.1\fileHashes)" [_thread_blocked, id=6288, stack(0x0000000024be0000,0x0000000024ce0000)]
  0x0000000022227000 JavaThread "File watcher consumer" daemon [_thread_blocked, id=8996, stack(0x0000000024d60000,0x0000000024e60000)]
  0x0000000022228000 JavaThread "Cache worker for file hash cache (C:\Users\AsTecI Naucalpan\Desktop\Spring\microservicios\MicroPivotal\MicroServicioEmpleados\.gradle\6.4.1\fileHashes)" [_thread_blocked, id=7276, stack(0x0000000026690000,0x0000000026790000)]
  0x0000000022229000 JavaThread "Cache worker for checksums cache (C:\Users\AsTecI Naucalpan\Desktop\Spring\microservicios\MicroPivotal\MicroServicioEmpleados\.gradle\checksums)" [_thread_blocked, id=3876, stack(0x0000000026420000,0x0000000026520000)]
  0x0000000022229800 JavaThread "Cache worker for cache directory md-supplier (C:\Users\AsTecI Naucalpan\.gradle\caches\6.4.1\md-supplier)" [_thread_blocked, id=9956, stack(0x00000000250e0000,0x00000000251e0000)]
  0x000000002222a800 JavaThread "Cache worker for cache directory md-rule (C:\Users\AsTecI Naucalpan\.gradle\caches\6.4.1\md-rule)" [_thread_blocked, id=9560, stack(0x00000000269d0000,0x0000000026ad0000)]
  0x000000002222b800 JavaThread "Cache worker for execution history cache (C:\Users\AsTecI Naucalpan\.gradle\caches\6.4.1\executionHistory)" [_thread_blocked, id=9476, stack(0x0000000026be0000,0x0000000026ce0000)]
  0x000000002222c000 JavaThread "Cache worker for file content cache (C:\Users\AsTecI Naucalpan\.gradle\caches\6.4.1\fileContent)" [_thread_blocked, id=10768, stack(0x00000000273c0000,0x00000000274c0000)]
  0x0000000020681000 JavaThread "Build operations" [_thread_blocked, id=11224, stack(0x0000000026530000,0x0000000026630000)]
  0x0000000020681800 JavaThread "Build operations Thread 2" [_thread_blocked, id=11232, stack(0x0000000023130000,0x0000000023230000)]
  0x0000000020682800 JavaThread "Build operations Thread 3" [_thread_blocked, id=10300, stack(0x0000000024ae0000,0x0000000024be0000)]
  0x0000000020683800 JavaThread "Build operations Thread 4" [_thread_blocked, id=10292, stack(0x0000000028c50000,0x0000000028d50000)]
  0x0000000020684000 JavaThread "Cache worker for Build Output Cleanup Cache (C:\Users\AsTecI Naucalpan\Desktop\Spring\microservicios\MicroPivotal\MicroServicioEmpleados\.gradle\buildOutputCleanup)" [_thread_blocked, id=10296, stack(0x0000000022e00000,0x0000000022f00000)]
  0x0000000020685000 JavaThread "Memory manager" [_thread_blocked, id=3564, stack(0x0000000029450000,0x0000000029550000)]
  0x0000000020685800 JavaThread "Cache worker for file content cache (C:\Users\AsTecI Naucalpan\Desktop\Spring\microservicios\MicroPivotal\MicroServicioEmpleados\.gradle\6.4.1\fileContent)" [_thread_blocked, id=10688, stack(0x00000000276f0000,0x00000000277f0000)]
  0x0000000020686800 JavaThread "Execution worker for ':'" [_thread_in_vm, id=10696, stack(0x0000000029810000,0x0000000029910000)]
  0x000000001fe78800 JavaThread "Execution worker for ':' Thread 2" [_thread_blocked, id=7212, stack(0x0000000029a60000,0x0000000029b60000)]
  0x000000001fe79800 JavaThread "Execution worker for ':' Thread 3" [_thread_blocked, id=11156, stack(0x0000000029920000,0x0000000029a20000)]
  0x000000001fe7a000 JavaThread "Cache worker for execution history cache (C:\Users\AsTecI Naucalpan\Desktop\Spring\microservicios\MicroPivotal\MicroServicioEmpleados\.gradle\6.4.1\executionHistory)" [_thread_blocked, id=11104, stack(0x0000000026ae0000,0x0000000026be0000)]

Other Threads:
  0x000000001edfa800 VMThread "VM Thread" [stack: 0x000000001e2e0000,0x000000001e3e0000] [id=10884]
  0x000000001fb24000 WatcherThread [stack: 0x0000000020400000,0x0000000020500000] [id=6072]
  0x00000000003ee000 GCTaskThread "GC Thread#0" [stack: 0x000000001b730000,0x000000001b830000] [id=9460]
  0x00000000209b4000 GCTaskThread "GC Thread#1" [stack: 0x000000001ff30000,0x0000000020030000] [id=7136]
  0x00000000209b4800 GCTaskThread "GC Thread#2" [stack: 0x0000000020f50000,0x0000000021050000] [id=6928]
  0x00000000209b5800 GCTaskThread "GC Thread#3" [stack: 0x0000000021180000,0x0000000021280000] [id=11048]
  0x00000000003f6000 ConcurrentGCThread "G1 Main Marker" [stack: 0x000000001b8b0000,0x000000001b9b0000] [id=4016]
  0x00000000003f9000 ConcurrentGCThread "G1 Conc#0" [stack: 0x000000001bb10000,0x000000001bc10000] [id=4700]
  0x000000001dfd4800 ConcurrentGCThread "G1 Refine#0" [stack: 0x000000001e140000,0x000000001e240000] [id=10904]
  0x000000001fbb5800 ConcurrentGCThread "G1 Refine#1" [stack: 0x00000000212d0000,0x00000000213d0000] [id=9152]
  0x000000001dfdc000 ConcurrentGCThread "G1 Young RemSet Sampling" [stack: 0x000000001e410000,0x000000001e510000] [id=7220]

Threads with active compile tasks:
C2 CompilerThread0    86652 7740       4       org.gradle.internal.normalization.java.impl.ApiMemberSelector::visitEnd (294 bytes)

VM state:not at safepoint (normal execution)

VM Mutex/Monitor currently owned by a thread: None

OutOfMemory and StackOverflow Exception counts:
OutOfMemoryError java_heap_errors=1
LinkageErrors=78

Heap address: 0x00000000e0000000, size: 512 MB, Compressed Oops mode: 32-bit
Narrow klass base: 0x0000000800000000, Narrow klass shift: 3
Compressed class space size: 260046848 Address: 0x0000000800b30000

Heap:
 garbage-first heap   total 262144K, used 157582K [0x00000000e0000000, 0x0000000100000000)
  region size 1024K, 117 young (119808K), 6 survivors (6144K)
 Metaspace       used 50881K, capacity 52141K, committed 52480K, reserved 299008K
  class space    used 6846K, capacity 7339K, committed 7424K, reserved 253952K
Heap Regions: E=young(eden), S=young(survivor), O=old, HS=humongous(starts), HC=humongous(continues), CS=collection set, F=free, OA=open archive, CA=closed archive, TAMS=top-at-mark-start (previous, next)
|   0|0x00000000e0000000, 0x00000000e0100000, 0x00000000e0100000|100%| O|  |TAMS 0x00000000e0100000, 0x00000000e0000000| Untracked 
|   1|0x00000000e0100000, 0x00000000e0200000, 0x00000000e0200000|100%| O|  |TAMS 0x00000000e0200000, 0x00000000e0100000| Untracked 
|   2|0x00000000e0200000, 0x00000000e0300000, 0x00000000e0300000|100%| O|  |TAMS 0x00000000e0273400, 0x00000000e0200000| Untracked 
|   3|0x00000000e0300000, 0x00000000e0400000, 0x00000000e0400000|100%|HS|  |TAMS 0x00000000e0400000, 0x00000000e0300000| Complete 
|   4|0x00000000e0400000, 0x00000000e0500000, 0x00000000e0500000|100%|HC|  |TAMS 0x00000000e0500000, 0x00000000e0400000| Complete 
|   5|0x00000000e0500000, 0x00000000e0600000, 0x00000000e0600000|100%|HC|  |TAMS 0x00000000e0600000, 0x00000000e0500000| Complete 
|   6|0x00000000e0600000, 0x00000000e0700000, 0x00000000e0700000|100%| O|  |TAMS 0x00000000e0700000, 0x00000000e0600000| Untracked 
|   7|0x00000000e0700000, 0x00000000e0800000, 0x00000000e0800000|100%| O|  |TAMS 0x00000000e0800000, 0x00000000e0700000| Untracked 
|   8|0x00000000e0800000, 0x00000000e0900000, 0x00000000e0900000|100%| O|  |TAMS 0x00000000e0900000, 0x00000000e0800000| Untracked 
|   9|0x00000000e0900000, 0x00000000e0a00000, 0x00000000e0a00000|100%| O|  |TAMS 0x00000000e0a00000, 0x00000000e0900000| Untracked 
|  10|0x00000000e0a00000, 0x00000000e0b00000, 0x00000000e0b00000|100%| O|  |TAMS 0x00000000e0a00000, 0x00000000e0a00000| Untracked 
|  11|0x00000000e0b00000, 0x00000000e0c00000, 0x00000000e0c00000|100%| O|  |TAMS 0x00000000e0b00000, 0x00000000e0b00000| Untracked 
|  12|0x00000000e0c00000, 0x00000000e0d00000, 0x00000000e0d00000|100%| O|  |TAMS 0x00000000e0c00000, 0x00000000e0c00000| Untracked 
|  13|0x00000000e0d00000, 0x00000000e0e00000, 0x00000000e0e00000|100%| O|  |TAMS 0x00000000e0d00000, 0x00000000e0d00000| Untracked 
|  14|0x00000000e0e00000, 0x00000000e0f00000, 0x00000000e0f00000|100%| O|  |TAMS 0x00000000e0e00000, 0x00000000e0e00000| Untracked 
|  15|0x00000000e0f00000, 0x00000000e1000000, 0x00000000e1000000|100%| O|  |TAMS 0x00000000e0f00000, 0x00000000e0f00000| Untracked 
|  16|0x00000000e1000000, 0x00000000e1100000, 0x00000000e1100000|100%| O|  |TAMS 0x00000000e1000000, 0x00000000e1000000| Untracked 
|  17|0x00000000e1100000, 0x00000000e1200000, 0x00000000e1200000|100%| O|  |TAMS 0x00000000e1100000, 0x00000000e1100000| Untracked 
|  18|0x00000000e1200000, 0x00000000e1300000, 0x00000000e1300000|100%| O|  |TAMS 0x00000000e1200000, 0x00000000e1200000| Untracked 
|  19|0x00000000e1300000, 0x00000000e1400000, 0x00000000e1400000|100%| O|  |TAMS 0x00000000e1300000, 0x00000000e1300000| Untracked 
|  20|0x00000000e1400000, 0x00000000e1500000, 0x00000000e1500000|100%| O|  |TAMS 0x00000000e1400000, 0x00000000e1400000| Untracked 
|  21|0x00000000e1500000, 0x00000000e1600000, 0x00000000e1600000|100%| O|  |TAMS 0x00000000e1500000, 0x00000000e1500000| Untracked 
|  22|0x00000000e1600000, 0x00000000e1700000, 0x00000000e1700000|100%| O|  |TAMS 0x00000000e1600000, 0x00000000e1600000| Untracked 
|  23|0x00000000e1700000, 0x00000000e1800000, 0x00000000e1800000|100%| O|  |TAMS 0x00000000e1700000, 0x00000000e1700000| Untracked 
|  24|0x00000000e1800000, 0x00000000e1900000, 0x00000000e1900000|100%| O|  |TAMS 0x00000000e1800000, 0x00000000e1800000| Untracked 
|  25|0x00000000e1900000, 0x00000000e1a00000, 0x00000000e1a00000|100%| O|  |TAMS 0x00000000e1900000, 0x00000000e1900000| Untracked 
|  26|0x00000000e1a00000, 0x00000000e1b00000, 0x00000000e1b00000|100%| O|  |TAMS 0x00000000e1a00000, 0x00000000e1a00000| Untracked 
|  27|0x00000000e1b00000, 0x00000000e1c00000, 0x00000000e1c00000|100%| O|  |TAMS 0x00000000e1b00000, 0x00000000e1b00000| Untracked 
|  28|0x00000000e1c00000, 0x00000000e1d00000, 0x00000000e1d00000|100%| O|  |TAMS 0x00000000e1c00000, 0x00000000e1c00000| Untracked 
|  29|0x00000000e1d00000, 0x00000000e1e00000, 0x00000000e1e00000|100%| O|  |TAMS 0x00000000e1d00000, 0x00000000e1d00000| Untracked 
|  30|0x00000000e1e00000, 0x00000000e1f00000, 0x00000000e1f00000|100%| O|  |TAMS 0x00000000e1e00000, 0x00000000e1e00000| Untracked 
|  31|0x00000000e1f00000, 0x00000000e2000000, 0x00000000e2000000|100%| O|  |TAMS 0x00000000e1f00000, 0x00000000e1f00000| Untracked 
|  32|0x00000000e2000000, 0x00000000e2100000, 0x00000000e2100000|100%| O|  |TAMS 0x00000000e2000000, 0x00000000e2000000| Untracked 
|  33|0x00000000e2100000, 0x00000000e2200000, 0x00000000e2200000|100%| O|  |TAMS 0x00000000e2100000, 0x00000000e2100000| Untracked 
|  34|0x00000000e2200000, 0x00000000e2300000, 0x00000000e2300000|100%| O|  |TAMS 0x00000000e2200000, 0x00000000e2200000| Untracked 
|  35|0x00000000e2300000, 0x00000000e2400000, 0x00000000e2400000|100%| O|  |TAMS 0x00000000e2300000, 0x00000000e2300000| Untracked 
|  36|0x00000000e2400000, 0x00000000e24e3800, 0x00000000e2500000| 88%| O|  |TAMS 0x00000000e2400000, 0x00000000e2400000| Untracked 
|  37|0x00000000e2500000, 0x00000000e2600000, 0x00000000e2600000|100%|HS|  |TAMS 0x00000000e2500000, 0x00000000e2500000| Complete 
|  38|0x00000000e2600000, 0x00000000e2600000, 0x00000000e2700000|  0%| F|  |TAMS 0x00000000e2600000, 0x00000000e2600000| Untracked 
|  39|0x00000000e2700000, 0x00000000e2700000, 0x00000000e2800000|  0%| F|  |TAMS 0x00000000e2700000, 0x00000000e2700000| Untracked 
|  40|0x00000000e2800000, 0x00000000e2800000, 0x00000000e2900000|  0%| F|  |TAMS 0x00000000e2800000, 0x00000000e2800000| Untracked 
|  41|0x00000000e2900000, 0x00000000e2900000, 0x00000000e2a00000|  0%| F|  |TAMS 0x00000000e2900000, 0x00000000e2900000| Untracked 
|  42|0x00000000e2a00000, 0x00000000e2a00000, 0x00000000e2b00000|  0%| F|  |TAMS 0x00000000e2a00000, 0x00000000e2a00000| Untracked 
|  43|0x00000000e2b00000, 0x00000000e2b00000, 0x00000000e2c00000|  0%| F|  |TAMS 0x00000000e2b00000, 0x00000000e2b00000| Untracked 
|  44|0x00000000e2c00000, 0x00000000e2c00000, 0x00000000e2d00000|  0%| F|  |TAMS 0x00000000e2c00000, 0x00000000e2c00000| Untracked 
|  45|0x00000000e2d00000, 0x00000000e2d00000, 0x00000000e2e00000|  0%| F|  |TAMS 0x00000000e2d00000, 0x00000000e2d00000| Untracked 
|  46|0x00000000e2e00000, 0x00000000e2e00000, 0x00000000e2f00000|  0%| F|  |TAMS 0x00000000e2e00000, 0x00000000e2e00000| Untracked 
|  47|0x00000000e2f00000, 0x00000000e2f00000, 0x00000000e3000000|  0%| F|  |TAMS 0x00000000e2f00000, 0x00000000e2f00000| Untracked 
|  48|0x00000000e3000000, 0x00000000e3000000, 0x00000000e3100000|  0%| F|  |TAMS 0x00000000e3000000, 0x00000000e3000000| Untracked 
|  49|0x00000000e3100000, 0x00000000e3100000, 0x00000000e3200000|  0%| F|  |TAMS 0x00000000e3100000, 0x00000000e3100000| Untracked 
|  50|0x00000000e3200000, 0x00000000e3200000, 0x00000000e3300000|  0%| F|  |TAMS 0x00000000e3200000, 0x00000000e3200000| Untracked 
|  51|0x00000000e3300000, 0x00000000e3300000, 0x00000000e3400000|  0%| F|  |TAMS 0x00000000e3300000, 0x00000000e3300000| Untracked 
|  52|0x00000000e3400000, 0x00000000e3400000, 0x00000000e3500000|  0%| F|  |TAMS 0x00000000e3400000, 0x00000000e3400000| Untracked 
|  53|0x00000000e3500000, 0x00000000e3500000, 0x00000000e3600000|  0%| F|  |TAMS 0x00000000e3500000, 0x00000000e3500000| Untracked 
|  54|0x00000000e3600000, 0x00000000e3600000, 0x00000000e3700000|  0%| F|  |TAMS 0x00000000e3600000, 0x00000000e3600000| Untracked 
|  55|0x00000000e3700000, 0x00000000e3700000, 0x00000000e3800000|  0%| F|  |TAMS 0x00000000e3700000, 0x00000000e3700000| Untracked 
|  56|0x00000000e3800000, 0x00000000e3800000, 0x00000000e3900000|  0%| F|  |TAMS 0x00000000e3800000, 0x00000000e3800000| Untracked 
|  57|0x00000000e3900000, 0x00000000e3900000, 0x00000000e3a00000|  0%| F|  |TAMS 0x00000000e3900000, 0x00000000e3900000| Untracked 
|  58|0x00000000e3a00000, 0x00000000e3a00000, 0x00000000e3b00000|  0%| F|  |TAMS 0x00000000e3a00000, 0x00000000e3a00000| Untracked 
|  59|0x00000000e3b00000, 0x00000000e3b00000, 0x00000000e3c00000|  0%| F|  |TAMS 0x00000000e3b00000, 0x00000000e3b00000| Untracked 
|  60|0x00000000e3c00000, 0x00000000e3c00000, 0x00000000e3d00000|  0%| F|  |TAMS 0x00000000e3c00000, 0x00000000e3c00000| Untracked 
|  61|0x00000000e3d00000, 0x00000000e3d00000, 0x00000000e3e00000|  0%| F|  |TAMS 0x00000000e3d00000, 0x00000000e3d00000| Untracked 
|  62|0x00000000e3e00000, 0x00000000e3e00000, 0x00000000e3f00000|  0%| F|  |TAMS 0x00000000e3e00000, 0x00000000e3e00000| Untracked 
|  63|0x00000000e3f00000, 0x00000000e3f00000, 0x00000000e4000000|  0%| F|  |TAMS 0x00000000e3f00000, 0x00000000e3f00000| Untracked 
|  64|0x00000000e4000000, 0x00000000e4000000, 0x00000000e4100000|  0%| F|  |TAMS 0x00000000e4000000, 0x00000000e4000000| Untracked 
|  65|0x00000000e4100000, 0x00000000e4100000, 0x00000000e4200000|  0%| F|  |TAMS 0x00000000e4100000, 0x00000000e4100000| Untracked 
|  66|0x00000000e4200000, 0x00000000e4200000, 0x00000000e4300000|  0%| F|  |TAMS 0x00000000e4200000, 0x00000000e4200000| Untracked 
|  67|0x00000000e4300000, 0x00000000e4300000, 0x00000000e4400000|  0%| F|  |TAMS 0x00000000e4300000, 0x00000000e4300000| Untracked 
|  68|0x00000000e4400000, 0x00000000e4400000, 0x00000000e4500000|  0%| F|  |TAMS 0x00000000e4400000, 0x00000000e4400000| Untracked 
|  69|0x00000000e4500000, 0x00000000e4500000, 0x00000000e4600000|  0%| F|  |TAMS 0x00000000e4500000, 0x00000000e4500000| Untracked 
|  70|0x00000000e4600000, 0x00000000e4600000, 0x00000000e4700000|  0%| F|  |TAMS 0x00000000e4600000, 0x00000000e4600000| Untracked 
|  71|0x00000000e4700000, 0x00000000e4700000, 0x00000000e4800000|  0%| F|  |TAMS 0x00000000e4700000, 0x00000000e4700000| Untracked 
|  72|0x00000000e4800000, 0x00000000e4800000, 0x00000000e4900000|  0%| F|  |TAMS 0x00000000e4800000, 0x00000000e4800000| Untracked 
|  73|0x00000000e4900000, 0x00000000e4900000, 0x00000000e4a00000|  0%| F|  |TAMS 0x00000000e4900000, 0x00000000e4900000| Untracked 
|  74|0x00000000e4a00000, 0x00000000e4a00000, 0x00000000e4b00000|  0%| F|  |TAMS 0x00000000e4a00000, 0x00000000e4a00000| Untracked 
|  75|0x00000000e4b00000, 0x00000000e4b00000, 0x00000000e4c00000|  0%| F|  |TAMS 0x00000000e4b00000, 0x00000000e4b00000| Untracked 
|  76|0x00000000e4c00000, 0x00000000e4c00000, 0x00000000e4d00000|  0%| F|  |TAMS 0x00000000e4c00000, 0x00000000e4c00000| Untracked 
|  77|0x00000000e4d00000, 0x00000000e4d00000, 0x00000000e4e00000|  0%| F|  |TAMS 0x00000000e4d00000, 0x00000000e4d00000| Untracked 
|  78|0x00000000e4e00000, 0x00000000e4e00000, 0x00000000e4f00000|  0%| F|  |TAMS 0x00000000e4e00000, 0x00000000e4e00000| Untracked 
|  79|0x00000000e4f00000, 0x00000000e4f00000, 0x00000000e5000000|  0%| F|  |TAMS 0x00000000e4f00000, 0x00000000e4f00000| Untracked 
|  80|0x00000000e5000000, 0x00000000e5000000, 0x00000000e5100000|  0%| F|  |TAMS 0x00000000e5000000, 0x00000000e5000000| Untracked 
|  81|0x00000000e5100000, 0x00000000e5100000, 0x00000000e5200000|  0%| F|  |TAMS 0x00000000e5100000, 0x00000000e5100000| Untracked 
|  82|0x00000000e5200000, 0x00000000e5200000, 0x00000000e5300000|  0%| F|  |TAMS 0x00000000e5200000, 0x00000000e5200000| Untracked 
|  83|0x00000000e5300000, 0x00000000e5300000, 0x00000000e5400000|  0%| F|  |TAMS 0x00000000e5300000, 0x00000000e5300000| Untracked 
|  84|0x00000000e5400000, 0x00000000e5400000, 0x00000000e5500000|  0%| F|  |TAMS 0x00000000e5400000, 0x00000000e5400000| Untracked 
|  85|0x00000000e5500000, 0x00000000e5500000, 0x00000000e5600000|  0%| F|  |TAMS 0x00000000e5500000, 0x00000000e5500000| Untracked 
|  86|0x00000000e5600000, 0x00000000e5600000, 0x00000000e5700000|  0%| F|  |TAMS 0x00000000e5600000, 0x00000000e5600000| Untracked 
|  87|0x00000000e5700000, 0x00000000e5700000, 0x00000000e5800000|  0%| F|  |TAMS 0x00000000e5700000, 0x00000000e5700000| Untracked 
|  88|0x00000000e5800000, 0x00000000e5800000, 0x00000000e5900000|  0%| F|  |TAMS 0x00000000e5800000, 0x00000000e5800000| Untracked 
|  89|0x00000000e5900000, 0x00000000e5900000, 0x00000000e5a00000|  0%| F|  |TAMS 0x00000000e5900000, 0x00000000e5900000| Untracked 
|  90|0x00000000e5a00000, 0x00000000e5a00000, 0x00000000e5b00000|  0%| F|  |TAMS 0x00000000e5a00000, 0x00000000e5a00000| Untracked 
|  91|0x00000000e5b00000, 0x00000000e5b00000, 0x00000000e5c00000|  0%| F|  |TAMS 0x00000000e5b00000, 0x00000000e5b00000| Untracked 
|  92|0x00000000e5c00000, 0x00000000e5c00000, 0x00000000e5d00000|  0%| F|  |TAMS 0x00000000e5c00000, 0x00000000e5c00000| Untracked 
|  93|0x00000000e5d00000, 0x00000000e5d00000, 0x00000000e5e00000|  0%| F|  |TAMS 0x00000000e5d00000, 0x00000000e5d00000| Untracked 
|  94|0x00000000e5e00000, 0x00000000e5e00000, 0x00000000e5f00000|  0%| F|  |TAMS 0x00000000e5e00000, 0x00000000e5e00000| Untracked 
|  95|0x00000000e5f00000, 0x00000000e5f00000, 0x00000000e6000000|  0%| F|  |TAMS 0x00000000e5f00000, 0x00000000e5f00000| Untracked 
|  96|0x00000000e6000000, 0x00000000e6000000, 0x00000000e6100000|  0%| F|  |TAMS 0x00000000e6000000, 0x00000000e6000000| Untracked 
|  97|0x00000000e6100000, 0x00000000e6100000, 0x00000000e6200000|  0%| F|  |TAMS 0x00000000e6100000, 0x00000000e6100000| Untracked 
|  98|0x00000000e6200000, 0x00000000e6200000, 0x00000000e6300000|  0%| F|  |TAMS 0x00000000e6200000, 0x00000000e6200000| Untracked 
|  99|0x00000000e6300000, 0x00000000e6300000, 0x00000000e6400000|  0%| F|  |TAMS 0x00000000e6300000, 0x00000000e6300000| Untracked 
| 100|0x00000000e6400000, 0x00000000e6400000, 0x00000000e6500000|  0%| F|  |TAMS 0x00000000e6400000, 0x00000000e6400000| Untracked 
| 101|0x00000000e6500000, 0x00000000e6500000, 0x00000000e6600000|  0%| F|  |TAMS 0x00000000e6500000, 0x00000000e6500000| Untracked 
| 102|0x00000000e6600000, 0x00000000e6600000, 0x00000000e6700000|  0%| F|  |TAMS 0x00000000e6600000, 0x00000000e6600000| Untracked 
| 103|0x00000000e6700000, 0x00000000e6700000, 0x00000000e6800000|  0%| F|  |TAMS 0x00000000e6700000, 0x00000000e6700000| Untracked 
| 104|0x00000000e6800000, 0x00000000e6800000, 0x00000000e6900000|  0%| F|  |TAMS 0x00000000e6800000, 0x00000000e6800000| Untracked 
| 105|0x00000000e6900000, 0x00000000e6900000, 0x00000000e6a00000|  0%| F|  |TAMS 0x00000000e6900000, 0x00000000e6900000| Untracked 
| 106|0x00000000e6a00000, 0x00000000e6a00000, 0x00000000e6b00000|  0%| F|  |TAMS 0x00000000e6a00000, 0x00000000e6a00000| Untracked 
| 107|0x00000000e6b00000, 0x00000000e6b00000, 0x00000000e6c00000|  0%| F|  |TAMS 0x00000000e6b00000, 0x00000000e6b00000| Untracked 
| 108|0x00000000e6c00000, 0x00000000e6c00000, 0x00000000e6d00000|  0%| F|  |TAMS 0x00000000e6c00000, 0x00000000e6c00000| Untracked 
| 109|0x00000000e6d00000, 0x00000000e6d00000, 0x00000000e6e00000|  0%| F|  |TAMS 0x00000000e6d00000, 0x00000000e6d00000| Untracked 
| 110|0x00000000e6e00000, 0x00000000e6e00000, 0x00000000e6f00000|  0%| F|  |TAMS 0x00000000e6e00000, 0x00000000e6e00000| Untracked 
| 111|0x00000000e6f00000, 0x00000000e6f00000, 0x00000000e7000000|  0%| F|  |TAMS 0x00000000e6f00000, 0x00000000e6f00000| Untracked 
| 112|0x00000000e7000000, 0x00000000e7000000, 0x00000000e7100000|  0%| F|  |TAMS 0x00000000e7000000, 0x00000000e7000000| Untracked 
| 113|0x00000000e7100000, 0x00000000e7100000, 0x00000000e7200000|  0%| F|  |TAMS 0x00000000e7100000, 0x00000000e7100000| Untracked 
| 114|0x00000000e7200000, 0x00000000e7200000, 0x00000000e7300000|  0%| F|  |TAMS 0x00000000e7200000, 0x00000000e7200000| Untracked 
| 115|0x00000000e7300000, 0x00000000e7300000, 0x00000000e7400000|  0%| F|  |TAMS 0x00000000e7300000, 0x00000000e7300000| Untracked 
| 116|0x00000000e7400000, 0x00000000e7400000, 0x00000000e7500000|  0%| F|  |TAMS 0x00000000e7400000, 0x00000000e7400000| Untracked 
| 117|0x00000000e7500000, 0x00000000e7600000, 0x00000000e7600000|100%| S|CS|TAMS 0x00000000e7500000, 0x00000000e7500000| Complete 
| 118|0x00000000e7600000, 0x00000000e7700000, 0x00000000e7700000|100%| S|CS|TAMS 0x00000000e7600000, 0x00000000e7600000| Complete 
| 119|0x00000000e7700000, 0x00000000e7800000, 0x00000000e7800000|100%| S|CS|TAMS 0x00000000e7700000, 0x00000000e7700000| Complete 
| 120|0x00000000e7800000, 0x00000000e7900000, 0x00000000e7900000|100%| S|CS|TAMS 0x00000000e7800000, 0x00000000e7800000| Complete 
| 121|0x00000000e7900000, 0x00000000e7a00000, 0x00000000e7a00000|100%| S|CS|TAMS 0x00000000e7900000, 0x00000000e7900000| Complete 
| 122|0x00000000e7a00000, 0x00000000e7b00000, 0x00000000e7b00000|100%| S|CS|TAMS 0x00000000e7a00000, 0x00000000e7a00000| Complete 
| 123|0x00000000e7b00000, 0x00000000e7b00000, 0x00000000e7c00000|  0%| F|  |TAMS 0x00000000e7b00000, 0x00000000e7b00000| Untracked 
| 124|0x00000000e7c00000, 0x00000000e7c00000, 0x00000000e7d00000|  0%| F|  |TAMS 0x00000000e7c00000, 0x00000000e7c00000| Untracked 
| 125|0x00000000e7d00000, 0x00000000e7d00000, 0x00000000e7e00000|  0%| F|  |TAMS 0x00000000e7d00000, 0x00000000e7d00000| Untracked 
| 126|0x00000000e7e00000, 0x00000000e7e00000, 0x00000000e7f00000|  0%| F|  |TAMS 0x00000000e7e00000, 0x00000000e7e00000| Untracked 
| 127|0x00000000e7f00000, 0x00000000e7f00000, 0x00000000e8000000|  0%| F|  |TAMS 0x00000000e7f00000, 0x00000000e7f00000| Untracked 
| 128|0x00000000e8000000, 0x00000000e8000000, 0x00000000e8100000|  0%| F|  |TAMS 0x00000000e8000000, 0x00000000e8000000| Untracked 
| 129|0x00000000e8100000, 0x00000000e8100000, 0x00000000e8200000|  0%| F|  |TAMS 0x00000000e8100000, 0x00000000e8100000| Untracked 
| 130|0x00000000e8200000, 0x00000000e8200000, 0x00000000e8300000|  0%| F|  |TAMS 0x00000000e8200000, 0x00000000e8200000| Untracked 
| 131|0x00000000e8300000, 0x00000000e8300000, 0x00000000e8400000|  0%| F|  |TAMS 0x00000000e8300000, 0x00000000e8300000| Untracked 
| 132|0x00000000e8400000, 0x00000000e8400000, 0x00000000e8500000|  0%| F|  |TAMS 0x00000000e8400000, 0x00000000e8400000| Untracked 
| 133|0x00000000e8500000, 0x00000000e8500000, 0x00000000e8600000|  0%| F|  |TAMS 0x00000000e8500000, 0x00000000e8500000| Untracked 
| 134|0x00000000e8600000, 0x00000000e8600000, 0x00000000e8700000|  0%| F|  |TAMS 0x00000000e8600000, 0x00000000e8600000| Untracked 
| 135|0x00000000e8700000, 0x00000000e8700000, 0x00000000e8800000|  0%| F|  |TAMS 0x00000000e8700000, 0x00000000e8700000| Untracked 
| 136|0x00000000e8800000, 0x00000000e8800000, 0x00000000e8900000|  0%| F|  |TAMS 0x00000000e8800000, 0x00000000e8800000| Untracked 
| 137|0x00000000e8900000, 0x00000000e8900000, 0x00000000e8a00000|  0%| F|  |TAMS 0x00000000e8900000, 0x00000000e8900000| Untracked 
| 138|0x00000000e8a00000, 0x00000000e8a00000, 0x00000000e8b00000|  0%| F|  |TAMS 0x00000000e8a00000, 0x00000000e8a00000| Untracked 
| 139|0x00000000e8b00000, 0x00000000e8b00000, 0x00000000e8c00000|  0%| F|  |TAMS 0x00000000e8b00000, 0x00000000e8b00000| Untracked 
| 140|0x00000000e8c00000, 0x00000000e8c00000, 0x00000000e8d00000|  0%| F|  |TAMS 0x00000000e8c00000, 0x00000000e8c00000| Untracked 
| 141|0x00000000e8d00000, 0x00000000e8d00000, 0x00000000e8e00000|  0%| F|  |TAMS 0x00000000e8d00000, 0x00000000e8d00000| Untracked 
| 142|0x00000000e8e00000, 0x00000000e8e00000, 0x00000000e8f00000|  0%| F|  |TAMS 0x00000000e8e00000, 0x00000000e8e00000| Untracked 
| 143|0x00000000e8f00000, 0x00000000e8f00000, 0x00000000e9000000|  0%| F|  |TAMS 0x00000000e8f00000, 0x00000000e8f00000| Untracked 
| 144|0x00000000e9000000, 0x00000000e9000000, 0x00000000e9100000|  0%| F|  |TAMS 0x00000000e9000000, 0x00000000e9000000| Untracked 
| 145|0x00000000e9100000, 0x00000000e9112598, 0x00000000e9200000|  7%| E|  |TAMS 0x00000000e9100000, 0x00000000e9100000| Complete 
| 146|0x00000000e9200000, 0x00000000e9300000, 0x00000000e9300000|100%| E|CS|TAMS 0x00000000e9200000, 0x00000000e9200000| Complete 
| 147|0x00000000e9300000, 0x00000000e9400000, 0x00000000e9400000|100%| E|CS|TAMS 0x00000000e9300000, 0x00000000e9300000| Complete 
| 148|0x00000000e9400000, 0x00000000e9500000, 0x00000000e9500000|100%| E|CS|TAMS 0x00000000e9400000, 0x00000000e9400000| Complete 
| 149|0x00000000e9500000, 0x00000000e9600000, 0x00000000e9600000|100%| E|CS|TAMS 0x00000000e9500000, 0x00000000e9500000| Complete 
| 150|0x00000000e9600000, 0x00000000e9700000, 0x00000000e9700000|100%| E|CS|TAMS 0x00000000e9600000, 0x00000000e9600000| Complete 
| 151|0x00000000e9700000, 0x00000000e9800000, 0x00000000e9800000|100%| E|CS|TAMS 0x00000000e9700000, 0x00000000e9700000| Complete 
| 152|0x00000000e9800000, 0x00000000e9900000, 0x00000000e9900000|100%| E|CS|TAMS 0x00000000e9800000, 0x00000000e9800000| Complete 
| 153|0x00000000e9900000, 0x00000000e9a00000, 0x00000000e9a00000|100%| E|CS|TAMS 0x00000000e9900000, 0x00000000e9900000| Complete 
| 154|0x00000000e9a00000, 0x00000000e9b00000, 0x00000000e9b00000|100%| E|CS|TAMS 0x00000000e9a00000, 0x00000000e9a00000| Complete 
| 155|0x00000000e9b00000, 0x00000000e9c00000, 0x00000000e9c00000|100%| E|CS|TAMS 0x00000000e9b00000, 0x00000000e9b00000| Complete 
| 156|0x00000000e9c00000, 0x00000000e9d00000, 0x00000000e9d00000|100%| E|CS|TAMS 0x00000000e9c00000, 0x00000000e9c00000| Complete 
| 157|0x00000000e9d00000, 0x00000000e9e00000, 0x00000000e9e00000|100%| E|CS|TAMS 0x00000000e9d00000, 0x00000000e9d00000| Complete 
| 158|0x00000000e9e00000, 0x00000000e9f00000, 0x00000000e9f00000|100%| E|CS|TAMS 0x00000000e9e00000, 0x00000000e9e00000| Complete 
| 159|0x00000000e9f00000, 0x00000000ea000000, 0x00000000ea000000|100%| E|CS|TAMS 0x00000000e9f00000, 0x00000000e9f00000| Complete 
| 160|0x00000000ea000000, 0x00000000ea100000, 0x00000000ea100000|100%| E|CS|TAMS 0x00000000ea000000, 0x00000000ea000000| Complete 
| 161|0x00000000ea100000, 0x00000000ea200000, 0x00000000ea200000|100%| E|CS|TAMS 0x00000000ea100000, 0x00000000ea100000| Complete 
| 162|0x00000000ea200000, 0x00000000ea300000, 0x00000000ea300000|100%| E|CS|TAMS 0x00000000ea200000, 0x00000000ea200000| Complete 
| 163|0x00000000ea300000, 0x00000000ea400000, 0x00000000ea400000|100%| E|CS|TAMS 0x00000000ea300000, 0x00000000ea300000| Complete 
| 164|0x00000000ea400000, 0x00000000ea500000, 0x00000000ea500000|100%| E|CS|TAMS 0x00000000ea400000, 0x00000000ea400000| Complete 
| 165|0x00000000ea500000, 0x00000000ea600000, 0x00000000ea600000|100%| E|CS|TAMS 0x00000000ea500000, 0x00000000ea500000| Complete 
| 166|0x00000000ea600000, 0x00000000ea700000, 0x00000000ea700000|100%| E|CS|TAMS 0x00000000ea600000, 0x00000000ea600000| Complete 
| 167|0x00000000ea700000, 0x00000000ea800000, 0x00000000ea800000|100%| E|CS|TAMS 0x00000000ea700000, 0x00000000ea700000| Complete 
| 168|0x00000000ea800000, 0x00000000ea900000, 0x00000000ea900000|100%| E|CS|TAMS 0x00000000ea800000, 0x00000000ea800000| Complete 
| 169|0x00000000ea900000, 0x00000000eaa00000, 0x00000000eaa00000|100%| E|CS|TAMS 0x00000000ea900000, 0x00000000ea900000| Complete 
| 170|0x00000000eaa00000, 0x00000000eab00000, 0x00000000eab00000|100%| E|CS|TAMS 0x00000000eaa00000, 0x00000000eaa00000| Complete 
| 171|0x00000000eab00000, 0x00000000eac00000, 0x00000000eac00000|100%| E|CS|TAMS 0x00000000eab00000, 0x00000000eab00000| Complete 
| 172|0x00000000eac00000, 0x00000000ead00000, 0x00000000ead00000|100%| E|CS|TAMS 0x00000000eac00000, 0x00000000eac00000| Complete 
| 173|0x00000000ead00000, 0x00000000eae00000, 0x00000000eae00000|100%| E|CS|TAMS 0x00000000ead00000, 0x00000000ead00000| Complete 
| 174|0x00000000eae00000, 0x00000000eaf00000, 0x00000000eaf00000|100%| E|CS|TAMS 0x00000000eae00000, 0x00000000eae00000| Complete 
| 175|0x00000000eaf00000, 0x00000000eb000000, 0x00000000eb000000|100%| E|CS|TAMS 0x00000000eaf00000, 0x00000000eaf00000| Complete 
| 176|0x00000000eb000000, 0x00000000eb100000, 0x00000000eb100000|100%| E|CS|TAMS 0x00000000eb000000, 0x00000000eb000000| Complete 
| 177|0x00000000eb100000, 0x00000000eb200000, 0x00000000eb200000|100%| E|CS|TAMS 0x00000000eb100000, 0x00000000eb100000| Complete 
| 178|0x00000000eb200000, 0x00000000eb300000, 0x00000000eb300000|100%| E|CS|TAMS 0x00000000eb200000, 0x00000000eb200000| Complete 
| 179|0x00000000eb300000, 0x00000000eb400000, 0x00000000eb400000|100%| E|CS|TAMS 0x00000000eb300000, 0x00000000eb300000| Complete 
| 180|0x00000000eb400000, 0x00000000eb500000, 0x00000000eb500000|100%| E|CS|TAMS 0x00000000eb400000, 0x00000000eb400000| Complete 
| 181|0x00000000eb500000, 0x00000000eb600000, 0x00000000eb600000|100%| E|CS|TAMS 0x00000000eb500000, 0x00000000eb500000| Complete 
| 182|0x00000000eb600000, 0x00000000eb700000, 0x00000000eb700000|100%| E|CS|TAMS 0x00000000eb600000, 0x00000000eb600000| Complete 
| 183|0x00000000eb700000, 0x00000000eb800000, 0x00000000eb800000|100%| E|CS|TAMS 0x00000000eb700000, 0x00000000eb700000| Complete 
| 184|0x00000000eb800000, 0x00000000eb900000, 0x00000000eb900000|100%| E|CS|TAMS 0x00000000eb800000, 0x00000000eb800000| Complete 
| 185|0x00000000eb900000, 0x00000000eba00000, 0x00000000eba00000|100%| E|CS|TAMS 0x00000000eb900000, 0x00000000eb900000| Complete 
| 186|0x00000000eba00000, 0x00000000ebb00000, 0x00000000ebb00000|100%| E|CS|TAMS 0x00000000eba00000, 0x00000000eba00000| Complete 
| 187|0x00000000ebb00000, 0x00000000ebc00000, 0x00000000ebc00000|100%| E|CS|TAMS 0x00000000ebb00000, 0x00000000ebb00000| Complete 
| 188|0x00000000ebc00000, 0x00000000ebd00000, 0x00000000ebd00000|100%| E|CS|TAMS 0x00000000ebc00000, 0x00000000ebc00000| Complete 
| 189|0x00000000ebd00000, 0x00000000ebe00000, 0x00000000ebe00000|100%| E|CS|TAMS 0x00000000ebd00000, 0x00000000ebd00000| Complete 
| 190|0x00000000ebe00000, 0x00000000ebf00000, 0x00000000ebf00000|100%| E|CS|TAMS 0x00000000ebe00000, 0x00000000ebe00000| Complete 
| 191|0x00000000ebf00000, 0x00000000ec000000, 0x00000000ec000000|100%| E|CS|TAMS 0x00000000ebf00000, 0x00000000ebf00000| Complete 
| 192|0x00000000ec000000, 0x00000000ec100000, 0x00000000ec100000|100%| E|CS|TAMS 0x00000000ec000000, 0x00000000ec000000| Complete 
| 193|0x00000000ec100000, 0x00000000ec200000, 0x00000000ec200000|100%| E|CS|TAMS 0x00000000ec100000, 0x00000000ec100000| Complete 
| 194|0x00000000ec200000, 0x00000000ec300000, 0x00000000ec300000|100%| E|CS|TAMS 0x00000000ec200000, 0x00000000ec200000| Complete 
| 195|0x00000000ec300000, 0x00000000ec400000, 0x00000000ec400000|100%| E|CS|TAMS 0x00000000ec300000, 0x00000000ec300000| Complete 
| 196|0x00000000ec400000, 0x00000000ec500000, 0x00000000ec500000|100%| E|CS|TAMS 0x00000000ec400000, 0x00000000ec400000| Complete 
| 197|0x00000000ec500000, 0x00000000ec600000, 0x00000000ec600000|100%| E|CS|TAMS 0x00000000ec500000, 0x00000000ec500000| Complete 
| 198|0x00000000ec600000, 0x00000000ec700000, 0x00000000ec700000|100%| E|CS|TAMS 0x00000000ec600000, 0x00000000ec600000| Complete 
| 199|0x00000000ec700000, 0x00000000ec800000, 0x00000000ec800000|100%| E|CS|TAMS 0x00000000ec700000, 0x00000000ec700000| Complete 
| 200|0x00000000ec800000, 0x00000000ec900000, 0x00000000ec900000|100%| E|CS|TAMS 0x00000000ec800000, 0x00000000ec800000| Complete 
| 201|0x00000000ec900000, 0x00000000eca00000, 0x00000000eca00000|100%| E|CS|TAMS 0x00000000ec900000, 0x00000000ec900000| Complete 
| 202|0x00000000eca00000, 0x00000000ecb00000, 0x00000000ecb00000|100%| E|CS|TAMS 0x00000000eca00000, 0x00000000eca00000| Complete 
| 203|0x00000000ecb00000, 0x00000000ecc00000, 0x00000000ecc00000|100%| E|CS|TAMS 0x00000000ecb00000, 0x00000000ecb00000| Complete 
| 204|0x00000000ecc00000, 0x00000000ecd00000, 0x00000000ecd00000|100%| E|CS|TAMS 0x00000000ecc00000, 0x00000000ecc00000| Complete 
| 205|0x00000000ecd00000, 0x00000000ece00000, 0x00000000ece00000|100%| E|CS|TAMS 0x00000000ecd00000, 0x00000000ecd00000| Complete 
| 206|0x00000000ece00000, 0x00000000ecf00000, 0x00000000ecf00000|100%| E|CS|TAMS 0x00000000ece00000, 0x00000000ece00000| Complete 
| 207|0x00000000ecf00000, 0x00000000ed000000, 0x00000000ed000000|100%| E|CS|TAMS 0x00000000ecf00000, 0x00000000ecf00000| Complete 
| 208|0x00000000ed000000, 0x00000000ed100000, 0x00000000ed100000|100%| E|CS|TAMS 0x00000000ed000000, 0x00000000ed000000| Complete 
| 209|0x00000000ed100000, 0x00000000ed200000, 0x00000000ed200000|100%| E|CS|TAMS 0x00000000ed100000, 0x00000000ed100000| Complete 
| 210|0x00000000ed200000, 0x00000000ed300000, 0x00000000ed300000|100%| E|CS|TAMS 0x00000000ed200000, 0x00000000ed200000| Complete 
| 211|0x00000000ed300000, 0x00000000ed400000, 0x00000000ed400000|100%| E|CS|TAMS 0x00000000ed300000, 0x00000000ed300000| Complete 
| 212|0x00000000ed400000, 0x00000000ed500000, 0x00000000ed500000|100%| E|CS|TAMS 0x00000000ed400000, 0x00000000ed400000| Complete 
| 213|0x00000000ed500000, 0x00000000ed600000, 0x00000000ed600000|100%| E|CS|TAMS 0x00000000ed500000, 0x00000000ed500000| Complete 
| 214|0x00000000ed600000, 0x00000000ed700000, 0x00000000ed700000|100%| E|CS|TAMS 0x00000000ed600000, 0x00000000ed600000| Complete 
| 215|0x00000000ed700000, 0x00000000ed800000, 0x00000000ed800000|100%| E|CS|TAMS 0x00000000ed700000, 0x00000000ed700000| Complete 
| 216|0x00000000ed800000, 0x00000000ed900000, 0x00000000ed900000|100%| E|CS|TAMS 0x00000000ed800000, 0x00000000ed800000| Complete 
| 217|0x00000000ed900000, 0x00000000eda00000, 0x00000000eda00000|100%| E|CS|TAMS 0x00000000ed900000, 0x00000000ed900000| Complete 
| 218|0x00000000eda00000, 0x00000000edb00000, 0x00000000edb00000|100%| E|CS|TAMS 0x00000000eda00000, 0x00000000eda00000| Complete 
| 219|0x00000000edb00000, 0x00000000edc00000, 0x00000000edc00000|100%| E|CS|TAMS 0x00000000edb00000, 0x00000000edb00000| Complete 
| 220|0x00000000edc00000, 0x00000000edd00000, 0x00000000edd00000|100%| E|CS|TAMS 0x00000000edc00000, 0x00000000edc00000| Complete 
| 221|0x00000000edd00000, 0x00000000ede00000, 0x00000000ede00000|100%| E|CS|TAMS 0x00000000edd00000, 0x00000000edd00000| Complete 
| 222|0x00000000ede00000, 0x00000000edf00000, 0x00000000edf00000|100%| E|CS|TAMS 0x00000000ede00000, 0x00000000ede00000| Complete 
| 223|0x00000000edf00000, 0x00000000ee000000, 0x00000000ee000000|100%| E|CS|TAMS 0x00000000edf00000, 0x00000000edf00000| Complete 
| 224|0x00000000ee000000, 0x00000000ee100000, 0x00000000ee100000|100%| E|CS|TAMS 0x00000000ee000000, 0x00000000ee000000| Complete 
| 225|0x00000000ee100000, 0x00000000ee200000, 0x00000000ee200000|100%| E|CS|TAMS 0x00000000ee100000, 0x00000000ee100000| Complete 
| 226|0x00000000ee200000, 0x00000000ee300000, 0x00000000ee300000|100%| E|CS|TAMS 0x00000000ee200000, 0x00000000ee200000| Complete 
| 227|0x00000000ee300000, 0x00000000ee400000, 0x00000000ee400000|100%| E|CS|TAMS 0x00000000ee300000, 0x00000000ee300000| Complete 
| 228|0x00000000ee400000, 0x00000000ee500000, 0x00000000ee500000|100%| E|CS|TAMS 0x00000000ee400000, 0x00000000ee400000| Complete 
| 229|0x00000000ee500000, 0x00000000ee600000, 0x00000000ee600000|100%| E|CS|TAMS 0x00000000ee500000, 0x00000000ee500000| Complete 
| 230|0x00000000ee600000, 0x00000000ee700000, 0x00000000ee700000|100%| E|CS|TAMS 0x00000000ee600000, 0x00000000ee600000| Complete 
| 231|0x00000000ee700000, 0x00000000ee800000, 0x00000000ee800000|100%| E|CS|TAMS 0x00000000ee700000, 0x00000000ee700000| Complete 
| 232|0x00000000ee800000, 0x00000000ee900000, 0x00000000ee900000|100%| E|CS|TAMS 0x00000000ee800000, 0x00000000ee800000| Complete 
| 233|0x00000000ee900000, 0x00000000eea00000, 0x00000000eea00000|100%| E|CS|TAMS 0x00000000ee900000, 0x00000000ee900000| Complete 
| 234|0x00000000eea00000, 0x00000000eeb00000, 0x00000000eeb00000|100%| E|CS|TAMS 0x00000000eea00000, 0x00000000eea00000| Complete 
| 235|0x00000000eeb00000, 0x00000000eec00000, 0x00000000eec00000|100%| E|CS|TAMS 0x00000000eeb00000, 0x00000000eeb00000| Complete 
| 236|0x00000000eec00000, 0x00000000eed00000, 0x00000000eed00000|100%| E|CS|TAMS 0x00000000eec00000, 0x00000000eec00000| Complete 
| 237|0x00000000eed00000, 0x00000000eee00000, 0x00000000eee00000|100%| E|CS|TAMS 0x00000000eed00000, 0x00000000eed00000| Complete 
| 238|0x00000000eee00000, 0x00000000eef00000, 0x00000000eef00000|100%| E|CS|TAMS 0x00000000eee00000, 0x00000000eee00000| Complete 
| 239|0x00000000eef00000, 0x00000000ef000000, 0x00000000ef000000|100%| E|CS|TAMS 0x00000000eef00000, 0x00000000eef00000| Complete 
| 240|0x00000000ef000000, 0x00000000ef100000, 0x00000000ef100000|100%| E|CS|TAMS 0x00000000ef000000, 0x00000000ef000000| Complete 
| 241|0x00000000ef100000, 0x00000000ef200000, 0x00000000ef200000|100%| E|CS|TAMS 0x00000000ef100000, 0x00000000ef100000| Complete 
| 242|0x00000000ef200000, 0x00000000ef300000, 0x00000000ef300000|100%| E|CS|TAMS 0x00000000ef200000, 0x00000000ef200000| Complete 
| 243|0x00000000ef300000, 0x00000000ef400000, 0x00000000ef400000|100%| E|CS|TAMS 0x00000000ef300000, 0x00000000ef300000| Complete 
| 244|0x00000000ef400000, 0x00000000ef500000, 0x00000000ef500000|100%| E|CS|TAMS 0x00000000ef400000, 0x00000000ef400000| Complete 
| 245|0x00000000ef500000, 0x00000000ef600000, 0x00000000ef600000|100%| E|CS|TAMS 0x00000000ef500000, 0x00000000ef500000| Complete 
| 246|0x00000000ef600000, 0x00000000ef700000, 0x00000000ef700000|100%| E|CS|TAMS 0x00000000ef600000, 0x00000000ef600000| Complete 
| 247|0x00000000ef700000, 0x00000000ef800000, 0x00000000ef800000|100%| E|CS|TAMS 0x00000000ef700000, 0x00000000ef700000| Complete 
| 248|0x00000000ef800000, 0x00000000ef900000, 0x00000000ef900000|100%| E|CS|TAMS 0x00000000ef800000, 0x00000000ef800000| Complete 
| 249|0x00000000ef900000, 0x00000000efa00000, 0x00000000efa00000|100%| E|CS|TAMS 0x00000000ef900000, 0x00000000ef900000| Complete 
| 250|0x00000000efa00000, 0x00000000efb00000, 0x00000000efb00000|100%| E|CS|TAMS 0x00000000efa00000, 0x00000000efa00000| Complete 
| 251|0x00000000efb00000, 0x00000000efc00000, 0x00000000efc00000|100%| E|CS|TAMS 0x00000000efb00000, 0x00000000efb00000| Complete 
| 252|0x00000000efc00000, 0x00000000efd00000, 0x00000000efd00000|100%| E|CS|TAMS 0x00000000efc00000, 0x00000000efc00000| Complete 
| 253|0x00000000efd00000, 0x00000000efe00000, 0x00000000efe00000|100%| E|CS|TAMS 0x00000000efd00000, 0x00000000efd00000| Complete 
| 254|0x00000000efe00000, 0x00000000eff00000, 0x00000000eff00000|100%| E|CS|TAMS 0x00000000efe00000, 0x00000000efe00000| Complete 
| 255|0x00000000eff00000, 0x00000000f0000000, 0x00000000f0000000|100%| E|CS|TAMS 0x00000000eff00000, 0x00000000eff00000| Complete 

Card table byte_map: [0x000000001a4c0000,0x000000001a5c0000] _byte_map_base: 0x0000000019dc0000

Marking Bits (Prev, Next): (CMBitMap*) 0x00000000003f0e98, (CMBitMap*) 0x00000000003f0ed8
 Prev Bits: [0x000000001a6c0000, 0x000000001aec0000)
 Next Bits: [0x000000001aec0000, 0x000000001b6c0000)

Polling page: 0x0000000002070000

Metaspace:

Usage:
  Non-class:     43.75 MB capacity,    43.00 MB ( 98%) used,   645.44 KB (  1%) free+waste,   121.88 KB ( <1%) overhead. 
      Class:      7.17 MB capacity,     6.69 MB ( 93%) used,   433.91 KB (  6%) free+waste,    58.56 KB ( <1%) overhead. 
       Both:     50.92 MB capacity,    49.69 MB ( 98%) used,     1.05 MB (  2%) free+waste,   180.44 KB ( <1%) overhead. 

Virtual space:
  Non-class space:       44.00 MB reserved,      44.00 MB (100%) committed 
      Class space:      248.00 MB reserved,       7.25 MB (  3%) committed 
             Both:      292.00 MB reserved,      51.25 MB ( 18%) committed 

Chunk freelists:
   Non-Class:  62.00 KB
       Class:  21.00 KB
        Both:  83.00 KB

MaxMetaspaceSize: 256.00 MB
CompressedClassSpaceSize: 248.00 MB

CodeHeap 'non-profiled nmethods': size=120000Kb used=4074Kb max_used=4715Kb free=115925Kb
 bounds [0x0000000012a50000, 0x0000000012ef0000, 0x0000000019f80000]
CodeHeap 'profiled nmethods': size=120000Kb used=13489Kb max_used=15711Kb free=106510Kb
 bounds [0x000000000b520000, 0x000000000c480000, 0x0000000012a50000]
CodeHeap 'non-nmethods': size=5760Kb used=2366Kb max_used=2422Kb free=3393Kb
 bounds [0x000000000af80000, 0x000000000b1f0000, 0x000000000b520000]
 total_blobs=11012 nmethods=6492 adapters=764
 compilation: enabled
              stopped_count=0, restarted_count=0
 full_count=0

Compilation events (20 events):
Event: 80.727 Thread 0x000000001ee32000 nmethod 7730 0x0000000012ede810 code [0x0000000012edeb00, 0x0000000012edf4c8]
Event: 80.730 Thread 0x000000001ee32000 7731       4       org.objectweb.asm.FieldVisitor::<init> (82 bytes)
Event: 80.733 Thread 0x000000001ee32000 nmethod 7731 0x0000000012edfa10 code [0x0000000012edfba0, 0x0000000012edfd18]
Event: 82.896 Thread 0x000000001ee32000 7732       4       org.objectweb.asm.ClassReader::readConst (276 bytes)
Event: 82.941 Thread 0x000000001ee32000 nmethod 7732 0x0000000012edfe10 code [0x0000000012ee0240, 0x0000000012ee15c0]
Event: 82.941 Thread 0x000000001ee32000 7733       4       org.gradle.internal.normalization.java.impl.ApiMemberSelector::visitField (80 bytes)
Event: 82.960 Thread 0x000000001ee32000 nmethod 7733 0x0000000012ee2310 code [0x0000000012ee2540, 0x0000000012ee2fe8]
Event: 83.019 Thread 0x000000001ee32000 7734       4       org.objectweb.asm.ClassReader::readField (667 bytes)
Event: 83.064 Thread 0x000000001ee36800 7735       3       java.util.HashMap$Values::spliterator (16 bytes)
Event: 83.065 Thread 0x000000001ee36800 nmethod 7735 0x000000000bee9b90 code [0x000000000bee9d40, 0x000000000bee9f88]
Event: 83.065 Thread 0x000000001ee36800 7736       3       java.util.HashMap$ValueSpliterator::<init> (12 bytes)
Event: 83.066 Thread 0x000000001ee36800 nmethod 7736 0x000000000bee9690 code [0x000000000bee9840, 0x000000000bee9a78]
Event: 83.137 Thread 0x000000001ee36800 7737       3       org.objectweb.asm.ClassReader::readConst (276 bytes)
Event: 83.142 Thread 0x000000001ee36800 nmethod 7737 0x000000000c477e90 code [0x000000000c478380, 0x000000000c47ad78]
Event: 83.142 Thread 0x000000001ee36800 7738       3       org.objectweb.asm.Type::getObjectType (31 bytes)
Event: 83.143 Thread 0x000000001ee36800 nmethod 7738 0x000000000befb690 code [0x000000000befb8c0, 0x000000000befc158]
Event: 83.270 Thread 0x000000001ee32000 nmethod 7734 0x0000000012ee3410 code [0x0000000012ee3de0, 0x0000000012ee9860]
Event: 83.270 Thread 0x000000001ee32000 7739       4       org.gradle.api.internal.changedetection.state.ZipHasher::isZipFile (43 bytes)
Event: 83.279 Thread 0x000000001ee32000 nmethod 7739 0x0000000012aaa390 code [0x0000000012aaa5e0, 0x0000000012aaabd8]
Event: 83.909 Thread 0x000000001ee32000 7740       4       org.gradle.internal.normalization.java.impl.ApiMemberSelector::visitEnd (294 bytes)

GC Heap History (14 events):
Event: 0.761 GC heap before
{Heap before GC invocations=0 (full 0):
 garbage-first heap   total 262144K, used 18432K [0x00000000e0000000, 0x0000000100000000)
  region size 1024K, 13 young (13312K), 0 survivors (0K)
 Metaspace       used 2287K, capacity 5609K, committed 5760K, reserved 262144K
  class space    used 274K, capacity 593K, committed 640K, reserved 253952K
}
Event: 0.767 GC heap after
{Heap after GC invocations=1 (full 0):
 garbage-first heap   total 262144K, used 8206K [0x00000000e0000000, 0x0000000100000000)
  region size 1024K, 2 young (2048K), 2 survivors (2048K)
 Metaspace       used 2287K, capacity 5609K, committed 5760K, reserved 262144K
  class space    used 274K, capacity 593K, committed 640K, reserved 253952K
}
Event: 1.227 GC heap before
{Heap before GC invocations=1 (full 0):
 garbage-first heap   total 262144K, used 21518K [0x00000000e0000000, 0x0000000100000000)
  region size 1024K, 15 young (15360K), 2 survivors (2048K)
 Metaspace       used 3996K, capacity 6752K, committed 7040K, reserved 262144K
  class space    used 516K, capacity 805K, committed 896K, reserved 253952K
}
Event: 1.232 GC heap after
{Heap after GC invocations=2 (full 0):
 garbage-first heap   total 262144K, used 8649K [0x00000000e0000000, 0x0000000100000000)
  region size 1024K, 1 young (1024K), 1 survivors (1024K)
 Metaspace       used 3996K, capacity 6752K, committed 7040K, reserved 262144K
  class space    used 516K, capacity 805K, committed 896K, reserved 253952K
}
Event: 1.653 GC heap before
{Heap before GC invocations=2 (full 0):
 garbage-first heap   total 262144K, used 31177K [0x00000000e0000000, 0x0000000100000000)
  region size 1024K, 24 young (24576K), 1 survivors (1024K)
 Metaspace       used 4361K, capacity 6968K, committed 7040K, reserved 262144K
  class space    used 583K, capacity 877K, committed 896K, reserved 253952K
}
Event: 1.658 GC heap after
{Heap after GC invocations=3 (full 0):
 garbage-first heap   total 262144K, used 12749K [0x00000000e0000000, 0x0000000100000000)
  region size 1024K, 3 young (3072K), 3 survivors (3072K)
 Metaspace       used 4361K, capacity 6968K, committed 7040K, reserved 262144K
  class space    used 583K, capacity 877K, committed 896K, reserved 253952K
}
Event: 8.780 GC heap before
{Heap before GC invocations=3 (full 0):
 garbage-first heap   total 262144K, used 123341K [0x00000000e0000000, 0x0000000100000000)
  region size 1024K, 112 young (114688K), 3 survivors (3072K)
 Metaspace       used 20529K, capacity 21119K, committed 21248K, reserved 272384K
  class space    used 3002K, capacity 3214K, committed 3328K, reserved 253952K
}
Event: 8.805 GC heap after
{Heap after GC invocations=4 (full 0):
 garbage-first heap   total 262144K, used 17746K [0x00000000e0000000, 0x0000000100000000)
  region size 1024K, 8 young (8192K), 8 survivors (8192K)
 Metaspace       used 20529K, capacity 21119K, committed 21248K, reserved 272384K
  class space    used 3002K, capacity 3214K, committed 3328K, reserved 253952K
}
Event: 15.465 GC heap before
{Heap before GC invocations=5 (full 0):
 garbage-first heap   total 262144K, used 131410K [0x00000000e0000000, 0x0000000100000000)
  region size 1024K, 118 young (120832K), 8 survivors (8192K)
 Metaspace       used 34950K, capacity 35760K, committed 35840K, reserved 284672K
  class space    used 4894K, capacity 5193K, committed 5248K, reserved 253952K
}
Event: 15.501 GC heap after
{Heap after GC invocations=6 (full 0):
 garbage-first heap   total 262144K, used 24249K [0x00000000e0000000, 0x0000000100000000)
  region size 1024K, 15 young (15360K), 15 survivors (15360K)
 Metaspace       used 34950K, capacity 35760K, committed 35840K, reserved 284672K
  class space    used 4894K, capacity 5193K, committed 5248K, reserved 253952K
}
Event: 26.914 GC heap before
{Heap before GC invocations=7 (full 0):
 garbage-first heap   total 262144K, used 165561K [0x00000000e0000000, 0x0000000100000000)
  region size 1024K, 153 young (156672K), 15 survivors (15360K)
 Metaspace       used 45763K, capacity 46905K, committed 46976K, reserved 294912K
  class space    used 6297K, capacity 6758K, committed 6784K, reserved 253952K
}
Event: 27.013 GC heap after
{Heap after GC invocations=8 (full 0):
 garbage-first heap   total 262144K, used 37955K [0x00000000e0000000, 0x0000000100000000)
  region size 1024K, 20 young (20480K), 20 survivors (20480K)
 Metaspace       used 45763K, capacity 46905K, committed 46976K, reserved 294912K
  class space    used 6297K, capacity 6758K, committed 6784K, reserved 253952K
}
Event: 37.717 GC heap before
{Heap before GC invocations=8 (full 0):
 garbage-first heap   total 262144K, used 174147K [0x00000000e0000000, 0x0000000100000000)
  region size 1024K, 153 young (156672K), 20 survivors (20480K)
 Metaspace       used 50066K, capacity 51350K, committed 51584K, reserved 299008K
  class space    used 6806K, capacity 7294K, committed 7296K, reserved 253952K
}
Event: 37.789 GC heap after
{Heap after GC invocations=9 (full 0):
 garbage-first heap   total 262144K, used 43918K [0x00000000e0000000, 0x0000000100000000)
  region size 1024K, 6 young (6144K), 6 survivors (6144K)
 Metaspace       used 50066K, capacity 51350K, committed 51584K, reserved 299008K
  class space    used 6806K, capacity 7294K, committed 7296K, reserved 253952K
}

Deoptimization events (20 events):
Event: 70.559 Thread 0x0000000020686800 Uncommon trap: trap_request=0xffffffde fr.pc=0x0000000012e884ac relative=0x00000000000003cc
Event: 70.559 Thread 0x0000000020686800 Uncommon trap: reason=class_check action=maybe_recompile pc=0x0000000012e884ac method=org.gradle.internal.normalization.java.impl.ApiMemberSelector.visitAnnotationMembers(Lorg/objectweb/asm/MethodVisitor;Ljava/util/Set;)V @ 22 c2
Event: 70.559 Thread 0x0000000020686800 DEOPT PACKING pc=0x0000000012e884ac sp=0x000000002990c6a0
Event: 70.559 Thread 0x0000000020686800 DEOPT UNPACKING pc=0x000000000afc912f sp=0x000000002990c640 mode 2
Event: 70.559 Thread 0x0000000020686800 Uncommon trap: trap_request=0xffffffde fr.pc=0x0000000012e884ac relative=0x00000000000003cc
Event: 70.559 Thread 0x0000000020686800 Uncommon trap: reason=class_check action=maybe_recompile pc=0x0000000012e884ac method=org.gradle.internal.normalization.java.impl.ApiMemberSelector.visitAnnotationMembers(Lorg/objectweb/asm/MethodVisitor;Ljava/util/Set;)V @ 22 c2
Event: 70.559 Thread 0x0000000020686800 DEOPT PACKING pc=0x0000000012e884ac sp=0x000000002990c6a0
Event: 70.559 Thread 0x0000000020686800 DEOPT UNPACKING pc=0x000000000afc912f sp=0x000000002990c640 mode 2
Event: 70.661 Thread 0x0000000020686800 Uncommon trap: trap_request=0xffffffde fr.pc=0x0000000012e884ac relative=0x00000000000003cc
Event: 70.661 Thread 0x0000000020686800 Uncommon trap: reason=class_check action=maybe_recompile pc=0x0000000012e884ac method=org.gradle.internal.normalization.java.impl.ApiMemberSelector.visitAnnotationMembers(Lorg/objectweb/asm/MethodVisitor;Ljava/util/Set;)V @ 22 c2
Event: 70.661 Thread 0x0000000020686800 DEOPT PACKING pc=0x0000000012e884ac sp=0x000000002990c6a0
Event: 70.661 Thread 0x0000000020686800 DEOPT UNPACKING pc=0x000000000afc912f sp=0x000000002990c640 mode 2
Event: 70.758 Thread 0x0000000020686800 Uncommon trap: trap_request=0xffffffde fr.pc=0x0000000012e884ac relative=0x00000000000003cc
Event: 70.758 Thread 0x0000000020686800 Uncommon trap: reason=class_check action=maybe_recompile pc=0x0000000012e884ac method=org.gradle.internal.normalization.java.impl.ApiMemberSelector.visitAnnotationMembers(Lorg/objectweb/asm/MethodVisitor;Ljava/util/Set;)V @ 22 c2
Event: 70.758 Thread 0x0000000020686800 DEOPT PACKING pc=0x0000000012e884ac sp=0x000000002990c6a0
Event: 70.759 Thread 0x0000000020686800 DEOPT UNPACKING pc=0x000000000afc912f sp=0x000000002990c640 mode 2
Event: 83.016 Thread 0x0000000020686800 Uncommon trap: trap_request=0xffffff45 fr.pc=0x0000000012ee0c9c relative=0x0000000000000a5c
Event: 83.016 Thread 0x0000000020686800 Uncommon trap: reason=unstable_if action=reinterpret pc=0x0000000012ee0c9c method=org.objectweb.asm.ClassReader.readConst(I[C)Ljava/lang/Object; @ 15 c2
Event: 83.016 Thread 0x0000000020686800 DEOPT PACKING pc=0x0000000012ee0c9c sp=0x000000002990c480
Event: 83.016 Thread 0x0000000020686800 DEOPT UNPACKING pc=0x000000000afc912f sp=0x000000002990c418 mode 2

Classes unloaded (0 events):
No events

Classes redefined (0 events):
No events

Internal exceptions (20 events):
Event: 16.884 Thread 0x0000000022184000 Exception <a 'java/lang/ClassNotFoundException'{0x00000000ec492210}: org/gradle/api/tasks/bundling/ZipCustomizer> (0x00000000ec492210) 
thrown [./open/src/hotspot/share/classfile/systemDictionary.cpp, line 226]
Event: 16.887 Thread 0x0000000022184000 Exception <a 'java/lang/ClassNotFoundException'{0x00000000ec4d2218}: org/gradle/jvm/tasks/JarCustomizer> (0x00000000ec4d2218) 
thrown [./open/src/hotspot/share/classfile/systemDictionary.cpp, line 226]
Event: 16.891 Thread 0x0000000022184000 Exception <a 'java/lang/ClassNotFoundException'{0x00000000ec31c488}: org/gradle/api/tasks/bundling/JarCustomizer> (0x00000000ec31c488) 
thrown [./open/src/hotspot/share/classfile/systemDictionary.cpp, line 226]
Event: 16.895 Thread 0x0000000022184000 Exception <a 'java/lang/ClassNotFoundException'{0x00000000ec362570}: org/gradle/api/tasks/bundling/Jar_DecoratedCustomizer> (0x00000000ec362570) 
thrown [./open/src/hotspot/share/classfile/systemDictionary.cpp, line 226]
Event: 16.911 Thread 0x0000000022184000 Exception <a 'java/lang/ClassNotFoundException'{0x00000000ec249118}: org/gradle/api/java/archives/internal/DefaultManifestBeanInfo> (0x00000000ec249118) 
thrown [./open/src/hotspot/share/classfile/systemDictionary.cpp, line 226]
Event: 16.912 Thread 0x0000000022184000 Exception <a 'java/lang/ClassNotFoundException'{0x00000000ec277610}: org/gradle/api/java/archives/internal/DefaultManifestCustomizer> (0x00000000ec277610) 
thrown [./open/src/hotspot/share/classfile/systemDictionary.cpp, line 226]
Event: 16.932 Thread 0x0000000022184000 Exception <a 'java/lang/ClassNotFoundException'{0x00000000ec1b2258}: java/lang/StringBeanInfo> (0x00000000ec1b2258) 
thrown [./open/src/hotspot/share/classfile/systemDictionary.cpp, line 226]
Event: 16.932 Thread 0x0000000022184000 Exception <a 'java/lang/ClassNotFoundException'{0x00000000ec1b7ca8}: java/lang/StringCustomizer> (0x00000000ec1b7ca8) 
thrown [./open/src/hotspot/share/classfile/systemDictionary.cpp, line 226]
Event: 17.041 Thread 0x0000000022184000 Exception <a 'java/lang/NoSuchMethodError'{0x00000000ebe29008}: 'int java.lang.invoke.DirectMethodHandle$Holder.invokeInterface(java.lang.Object, java.lang.Object, java.lang.Object, java.lang.Object)'> (0x00000000ebe29008) 
thrown [./open/src/hotspot/share/interpreter/linkResolver.cpp, line 766]
Event: 17.202 Thread 0x0000000022184000 Exception <a 'java/lang/IncompatibleClassChangeError'{0x00000000eb912f78}: Found class java.lang.Object, but interface was expected> (0x00000000eb912f78) 
thrown [./open/src/hotspot/share/interpreter/linkResolver.cpp, line 832]
Event: 17.290 Thread 0x0000000022184000 Implicit null exception at 0x0000000012c0a9af to 0x0000000012c0cb64
Event: 17.290 Thread 0x0000000022184000 Implicit null exception at 0x0000000012c1fdb5 to 0x0000000012c22f78
Event: 17.741 Thread 0x0000000020686800 Exception <a 'java/lang/NoSuchMethodError'{0x00000000eafca2a8}: 'void java.lang.invoke.DirectMethodHandle$Holder.invokeStatic(java.lang.Object, java.lang.Object, java.lang.Object, java.lang.Object, java.lang.Object, java.lang.Object, java.lang.Object)'> (0x00000000eafca2a8) 
thrown [./open/src/hotspot/share/interpreter/linkResolver.cpp, line 766]
Event: 24.706 Thread 0x0000000020686800 Implicit null exception at 0x0000000012c4ae50 to 0x0000000012c4b638
Event: 26.213 Thread 0x0000000020686800 Exception <a 'sun/nio/fs/WindowsException'{0x00000000e6e60cb0}> (0x00000000e6e60cb0) 
thrown [./open/src/hotspot/share/prims/jni.cpp, line 599]
Event: 26.221 Thread 0x0000000020686800 Implicit null exception at 0x0000000012b7ac3c to 0x0000000012b7de90
Event: 26.231 Thread 0x0000000020686800 Exception <a 'java/lang/IncompatibleClassChangeError'{0x00000000e6e8b918}: Found class java.lang.Object, but interface was expected> (0x00000000e6e8b918) 
thrown [./open/src/hotspot/share/interpreter/linkResolver.cpp, line 832]
Event: 28.261 Thread 0x0000000020686800 Implicit null exception at 0x0000000012a809e4 to 0x0000000012a81018
Event: 32.082 Thread 0x0000000020686800 Implicit null exception at 0x0000000012d69bff to 0x0000000012d69c88
Event: 40.166 Thread 0x0000000020686800 Implicit null exception at 0x0000000012aab84a to 0x0000000012aabc30

Events (20 events):
Event: 83.290 Thread 0x000000001ee3f800 flushing nmethod 0x000000000c370b90
Event: 83.290 Thread 0x000000001ee3f800 flushing nmethod 0x000000000c371510
Event: 83.290 Thread 0x000000001ee3f800 flushing nmethod 0x000000000c375710
Event: 83.290 Thread 0x000000001ee3f800 flushing nmethod 0x000000000c376710
Event: 83.290 Thread 0x000000001ee3f800 flushing nmethod 0x000000000c376b90
Event: 83.290 Thread 0x000000001ee3f800 flushing nmethod 0x000000000c377010
Event: 83.290 Thread 0x000000001ee3f800 flushing nmethod 0x000000000c377490
Event: 83.290 Thread 0x000000001ee3f800 flushing nmethod 0x000000000c37b510
Event: 83.290 Thread 0x000000001ee3f800 flushing nmethod 0x000000000c37c310
Event: 83.290 Thread 0x000000001ee3f800 flushing nmethod 0x000000000c37d290
Event: 83.290 Thread 0x000000001ee3f800 flushing nmethod 0x000000000c37d810
Event: 83.290 Thread 0x000000001ee3f800 flushing nmethod 0x000000000c37dc90
Event: 83.290 Thread 0x000000001ee3f800 flushing nmethod 0x000000000c380b90
Event: 83.290 Thread 0x000000001ee3f800 flushing nmethod 0x000000000c399110
Event: 83.290 Thread 0x000000001ee3f800 flushing nmethod 0x000000000c3a8510
Event: 83.290 Thread 0x000000001ee3f800 flushing nmethod 0x000000000c3b0810
Event: 83.290 Thread 0x000000001ee3f800 flushing nmethod 0x000000000c3c0990
Event: 83.290 Thread 0x000000001ee3f800 flushing nmethod 0x000000000c40bf10
Event: 83.290 Thread 0x000000001ee3f800 flushing nmethod 0x000000000c44d890
Event: 83.290 Thread 0x000000001ee3f800 flushing nmethod 0x000000000c44fa90


Dynamic libraries:
0x000000013f880000 - 0x000000013f88f000 	C:\jdk-14.0.1\bin\java.exe
0x0000000077070000 - 0x000000007721a000 	C:\Windows\SYSTEM32\ntdll.dll
0x000007fee0aa0000 - 0x000007fee0ab3000 	C:\Program Files\Avast Software\Avast\aswhook.dll
0x0000000076e50000 - 0x0000000076f6f000 	C:\Windows\system32\kernel32.dll
0x000007fefcfd0000 - 0x000007fefd03a000 	C:\Windows\system32\KERNELBASE.dll
0x000007fef58c0000 - 0x000007fef58d8000 	C:\jdk-14.0.1\bin\jli.dll
0x000007fefdb80000 - 0x000007fefdc5b000 	C:\Windows\system32\ADVAPI32.dll
0x000007fefee20000 - 0x000007fefeebf000 	C:\Windows\system32\msvcrt.dll
0x000007feff360000 - 0x000007feff37f000 	C:\Windows\SYSTEM32\sechost.dll
0x000007fefda50000 - 0x000007fefdb7d000 	C:\Windows\system32\RPCRT4.dll
0x000007fefb3c0000 - 0x000007fefb5b4000 	C:\Windows\WinSxS\amd64_microsoft.windows.common-controls_6595b64144ccf1df_6.0.7601.18837_none_fa3b1e3d17594757\COMCTL32.dll
0x000007fefd9e0000 - 0x000007fefda47000 	C:\Windows\system32\GDI32.dll
0x0000000076f70000 - 0x000000007706a000 	C:\Windows\system32\USER32.dll
0x000007fefd8b0000 - 0x000007fefd8be000 	C:\Windows\system32\LPK.dll
0x000007feff290000 - 0x000007feff35a000 	C:\Windows\system32\USP10.dll
0x000007fefd140000 - 0x000007fefd1b1000 	C:\Windows\system32\SHLWAPI.dll
0x000007fefbe40000 - 0x000007fefbe4c000 	C:\Windows\system32\VERSION.dll
0x000007fef58a0000 - 0x000007fef58b5000 	C:\jdk-14.0.1\bin\VCRUNTIME140.dll
0x000007fefa100000 - 0x000007fefa104000 	C:\jdk-14.0.1\bin\api-ms-win-crt-runtime-l1-1-0.dll
0x000007fef3920000 - 0x000007fef3a1c000 	C:\jdk-14.0.1\bin\ucrtbase.DLL
0x000007fefa7b0000 - 0x000007fefa7b3000 	C:\jdk-14.0.1\bin\api-ms-win-core-localization-l1-2-0.dll
0x000007fef5890000 - 0x000007fef5893000 	C:\jdk-14.0.1\bin\api-ms-win-core-processthreads-l1-1-1.dll
0x000007fef5880000 - 0x000007fef5883000 	C:\jdk-14.0.1\bin\api-ms-win-core-file-l1-2-0.dll
0x000007fef5870000 - 0x000007fef5873000 	C:\jdk-14.0.1\bin\api-ms-win-core-timezone-l1-1-0.dll
0x000007fef4b30000 - 0x000007fef4b33000 	C:\jdk-14.0.1\bin\api-ms-win-core-file-l2-1-0.dll
0x000007fef3910000 - 0x000007fef3913000 	C:\jdk-14.0.1\bin\api-ms-win-core-synch-l1-2-0.dll
0x000007fef3900000 - 0x000007fef3903000 	C:\jdk-14.0.1\bin\api-ms-win-crt-heap-l1-1-0.dll
0x000007fef38f0000 - 0x000007fef38f4000 	C:\jdk-14.0.1\bin\api-ms-win-crt-string-l1-1-0.dll
0x000007fef38e0000 - 0x000007fef38e4000 	C:\jdk-14.0.1\bin\api-ms-win-crt-stdio-l1-1-0.dll
0x000007fef38d0000 - 0x000007fef38d4000 	C:\jdk-14.0.1\bin\api-ms-win-crt-convert-l1-1-0.dll
0x000007fef2f80000 - 0x000007fef2f83000 	C:\jdk-14.0.1\bin\api-ms-win-crt-environment-l1-1-0.dll
0x000007fef2f70000 - 0x000007fef2f73000 	C:\jdk-14.0.1\bin\api-ms-win-crt-filesystem-l1-1-0.dll
0x000007fef2f60000 - 0x000007fef2f65000 	C:\jdk-14.0.1\bin\api-ms-win-crt-math-l1-1-0.dll
0x000007fef2f50000 - 0x000007fef2f53000 	C:\jdk-14.0.1\bin\api-ms-win-crt-locale-l1-1-0.dll
0x000007fefd110000 - 0x000007fefd13e000 	C:\Windows\system32\IMM32.DLL
0x000007fefdc60000 - 0x000007fefdd69000 	C:\Windows\system32\MSCTF.dll
0x000007fef2eb0000 - 0x000007fef2f4b000 	C:\jdk-14.0.1\bin\msvcp140.dll
0x000007fef2ea0000 - 0x000007fef2ea3000 	C:\jdk-14.0.1\bin\api-ms-win-crt-time-l1-1-0.dll
0x000007fef2e90000 - 0x000007fef2e93000 	C:\jdk-14.0.1\bin\api-ms-win-crt-utility-l1-1-0.dll
0x000007fed8e90000 - 0x000007fed99ae000 	C:\jdk-14.0.1\bin\server\jvm.dll
0x000007fef98c0000 - 0x000007fef98c9000 	C:\Windows\system32\WSOCK32.dll
0x000007fefd580000 - 0x000007fefd5cd000 	C:\Windows\system32\WS2_32.dll
0x000007fefd5d0000 - 0x000007fefd5d8000 	C:\Windows\system32\NSI.dll
0x000007fefa770000 - 0x000007fefa7ab000 	C:\Windows\system32\WINMM.dll
0x0000000077240000 - 0x0000000077247000 	C:\Windows\system32\PSAPI.DLL
0x000007fef2e80000 - 0x000007fef2e8a000 	C:\jdk-14.0.1\bin\jimage.dll
0x000007fef8780000 - 0x000007fef88a5000 	C:\Windows\system32\DBGHELP.DLL
0x000007fef2e50000 - 0x000007fef2e75000 	C:\jdk-14.0.1\bin\java.dll
0x000007fef2e30000 - 0x000007fef2e46000 	C:\jdk-14.0.1\bin\zip.dll
0x000007fefe090000 - 0x000007fefee19000 	C:\Windows\system32\SHELL32.dll
0x000007fefd1c0000 - 0x000007fefd3c3000 	C:\Windows\system32\ole32.dll
0x000007fefcd50000 - 0x000007fefcd5f000 	C:\Windows\system32\profapi.dll
0x000007fef2e10000 - 0x000007fef2e29000 	C:\jdk-14.0.1\bin\net.dll
0x000007fef8a90000 - 0x000007fef8b01000 	C:\Windows\system32\WINHTTP.dll
0x000007fef8a20000 - 0x000007fef8a84000 	C:\Windows\system32\webio.dll
0x000007fefc4f0000 - 0x000007fefc545000 	C:\Windows\system32\mswsock.dll
0x000007fefc4e0000 - 0x000007fefc4e7000 	C:\Windows\System32\wship6.dll
0x000007fef2df0000 - 0x000007fef2e02000 	C:\jdk-14.0.1\bin\nio.dll
0x000007fef2de0000 - 0x000007fef2df0000 	C:\jdk-14.0.1\bin\verify.dll
0x000007fef2db0000 - 0x000007fef2dd7000 	C:\Users\AsTecI Naucalpan\.gradle\native\481b90ef2c2b5ab96622bab5346fdaaafe5c91895d4d4de1c4fe4b2e89a8011f\windows-amd64\native-platform.dll
0x000007fef2da0000 - 0x000007fef2da9000 	C:\jdk-14.0.1\bin\management.dll
0x000007fef2d90000 - 0x000007fef2d9b000 	C:\jdk-14.0.1\bin\management_ext.dll
0x000007fefc550000 - 0x000007fefc568000 	C:\Windows\system32\CRYPTSP.dll
0x000007fefc250000 - 0x000007fefc297000 	C:\Windows\system32\rsaenh.dll
0x000007fefd0c0000 - 0x000007fefd0de000 	C:\Windows\system32\USERENV.dll
0x000007fefcbf0000 - 0x000007fefcbff000 	C:\Windows\system32\CRYPTBASE.dll
0x000007fefa320000 - 0x000007fefa347000 	C:\Windows\system32\IPHLPAPI.DLL
0x000007fefa310000 - 0x000007fefa31b000 	C:\Windows\system32\WINNSI.DLL
0x000007fefa130000 - 0x000007fefa141000 	C:\Windows\system32\dhcpcsvc6.DLL
0x000007fefa110000 - 0x000007fefa128000 	C:\Windows\system32\dhcpcsvc.DLL
0x000007fef2d70000 - 0x000007fef2d7e000 	C:\jdk-14.0.1\bin\sunmscapi.dll
0x000007fefcd70000 - 0x000007fefcedd000 	C:\Windows\system32\CRYPT32.dll
0x000007fefcd60000 - 0x000007fefcd6f000 	C:\Windows\system32\MSASN1.dll
0x000007fefc6d0000 - 0x000007fefc720000 	C:\Windows\system32\ncrypt.dll
0x000007fefc6a0000 - 0x000007fefc6c2000 	C:\Windows\system32\bcrypt.dll
0x000007fef2d40000 - 0x000007fef2d65000 	C:\jdk-14.0.1\bin\sunec.dll
0x000007fefbf10000 - 0x000007fefbf17000 	C:\Windows\System32\wshtcpip.dll
0x000007fefc370000 - 0x000007fefc3cb000 	C:\Windows\system32\DNSAPI.dll
0x000007fef64b0000 - 0x000007fef64b8000 	C:\Windows\system32\rasadhlp.dll
0x000007fefa190000 - 0x000007fefa1e3000 	C:\Windows\System32\fwpuclnt.dll

dbghelp: loaded successfully - version: 4.0.5 - missing functions: none
symbol engine: initialized successfully - sym options: 0x614 - pdb path: .;C:\jdk-14.0.1\bin;C:\Windows\SYSTEM32;C:\Program Files\Avast Software\Avast;C:\Windows\WinSxS\amd64_microsoft.windows.common-controls_6595b64144ccf1df_6.0.7601.18837_none_fa3b1e3d17594757;C:\jdk-14.0.1\bin\server;C:\Users\AsTecI Naucalpan\.gradle\native\481b90ef2c2b5ab96622bab5346fdaaafe5c91895d4d4de1c4fe4b2e89a8011f\windows-amd64

VM Arguments:
jvm_args: --add-opens=java.base/java.util=ALL-UNNAMED --add-opens=java.base/java.lang=ALL-UNNAMED --add-opens=java.base/java.lang.invoke=ALL-UNNAMED --add-opens=java.prefs/java.util.prefs=ALL-UNNAMED -XX:MaxMetaspaceSize=256m -XX:+HeapDumpOnOutOfMemoryError -Xms256m -Xmx512m -Dfile.encoding=windows-1252 -Duser.country=MX -Duser.language=es -Duser.variant 
java_command: org.gradle.launcher.daemon.bootstrap.GradleDaemon 6.4.1
java_class_path (initial): C:\gradle-6.4.1\lib\gradle-launcher-6.4.1.jar
Launcher Type: SUN_STANDARD

[Global flags]
     intx CICompilerCount                          = 3                                         {product} {ergonomic}
   size_t CompressedClassSpaceSize                 = 260046848                                 {product} {ergonomic}
     uint ConcGCThreads                            = 1                                         {product} {ergonomic}
     uint G1ConcRefinementThreads                  = 4                                         {product} {ergonomic}
   size_t G1HeapRegionSize                         = 1048576                                   {product} {ergonomic}
    uintx GCDrainStackTargetSize                   = 64                                        {product} {ergonomic}
     bool HeapDumpOnOutOfMemoryError               = true                                   {manageable} {command line}
   size_t InitialHeapSize                          = 268435456                                 {product} {command line}
   size_t MarkStackSize                            = 4194304                                   {product} {ergonomic}
   size_t MaxHeapSize                              = 536870912                                 {product} {command line}
   size_t MaxMetaspaceSize                         = 268435456                                 {product} {command line}
   size_t MaxNewSize                               = 321912832                                 {product} {ergonomic}
   size_t MinHeapDeltaBytes                        = 1048576                                   {product} {ergonomic}
   size_t MinHeapSize                              = 268435456                                 {product} {command line}
    uintx NonNMethodCodeHeapSize                   = 5832780                                {pd product} {ergonomic}
    uintx NonProfiledCodeHeapSize                  = 122912730                              {pd product} {ergonomic}
    uintx ProfiledCodeHeapSize                     = 122912730                              {pd product} {ergonomic}
    uintx ReservedCodeCacheSize                    = 251658240                              {pd product} {ergonomic}
     bool SegmentedCodeCache                       = true                                      {product} {ergonomic}
   size_t SoftMaxHeapSize                          = 536870912                              {manageable} {ergonomic}
     bool UseCompressedClassPointers               = true                                 {lp64_product} {ergonomic}
     bool UseCompressedOops                        = true                                 {lp64_product} {ergonomic}
     bool UseG1GC                                  = true                                      {product} {ergonomic}
     bool UseLargePagesIndividualAllocation        = false                                  {pd product} {ergonomic}

Logging:
Log output configuration:
 #0: stdout all=warning uptime,level,tags
 #1: stderr all=off uptime,level,tags

Environment Variables:
JAVA_HOME=C:\jdk-14.0.1
CLASSPATH=C:\gradle-6.4.1\lib\gradle-launcher-6.4.1.jar
PATH=C:\oraclexe\app\oracle\product\11.2.0\server\bin;C:\Program Files (x86)\Common Files\Oracle\Java\javapath;C:\Windows\system32;C:\Windows;C:\Windows\System32\Wbem;C:\Windows\System32\WindowsPowerShell\v1.0\;C:\apache-maven-3.6.3\bin;C:\Program Files\MySQL\MySQL Utilities 1.6\;C:\Program Files\Git\cmd;C:\Program Files\Cloud Foundry;C:\Users\AsTecI Naucalpan\AppData\Roaming\Cloud Foundry;C:\gradle-6.4.1\bin;C:\jdk-14.0.1;C:\Program Files\Java\jdk1.8.0_221\bin\;C:\Users\AsTecI Naucalpan\AppData\Local\Programs\Microsoft VS Code\bin;C:\gradle-6.4.1\bin
USERNAME=AsTecI Naucalpan
OS=Windows_NT
PROCESSOR_IDENTIFIER=Intel64 Family 6 Model 42 Stepping 7, GenuineIntel



---------------  S Y S T E M  ---------------

OS: Windows 7 , 64 bit Build 7601 (6.1.7601.23677)
OS uptime: 0 days 0:47 hours

CPU:total 4 (initial active 4) (2 cores per cpu, 2 threads per core) family 6 model 42 stepping 7, cmov, cx8, fxsr, mmx, sse, sse2, sse3, ssse3, sse4.1, sse4.2, popcnt, avx, clmul, ht, tsc, tscinvbit

Memory: 4k page, system-wide physical 8135M (1354M free)
TotalPageFile size 8349M (AvailPageFile size 43M)
current process WorkingSet (physical memory assigned to process): 451M, peak: 451M
current process commit charge ("private bytes"): 559M, peak: 559M

vm_info: Java HotSpot(TM) 64-Bit Server VM (14.0.1+7) for windows-amd64 JRE (14.0.1+7), built on Mar  5 2020 10:30:14 by "mach5one" with MS VC++ 15.9 (VS2017)

END.
